<?xml version="1.0" encoding="UTF-8"?>
<!-- Generated by org.testng.reporters.JUnitXMLReporter -->
<testsuite ignored="0" hostname="DESKTOP-CRR22JH" failures="0" tests="4" name="PetStore API Tests" time="27.488" errors="0" timestamp="2024-12-26T15:05:59 IST">
  <testcase classname="api.testCases.UserTest" name="testCreateAndGetUser" time="13.235"/>
  <testcase classname="api.testCases.UserTest" name="testGetUserData" time="1.948"/>
  <testcase classname="api.testCases.UserTest" name="testUpdateUser" time="3.653"/>
  <testcase classname="api.testCases.UserTest" name="testDeleteUser" time="3.453"/>
</testsuite> <!-- PetStore API Tests -->
