<?xml version="1.0" encoding="UTF-8"?>
<!-- Generated by org.testng.reporters.JUnitXMLReporter -->
<testsuite ignored="0" hostname="DESKTOP-CRR22JH" failures="0" tests="16" name="PetStore API Tests" time="55.804" errors="0" timestamp="2024-12-26T11:39:52 IST">
  <testcase classname="api.testCases.UserTest" name="testCreateAndGetUser" time="12.846"/>
  <testcase classname="api.testCases.UserTest" name="testGetUserData" time="1.657"/>
  <testcase classname="api.testCases.UserTest" name="testUpdateUser" time="3.026"/>
  <testcase classname="api.testCases.UserTest" name="testDeleteUser" time="2.878"/>
  <testcase classname="api.testCases.UserTestDD" name="testCreateAndGetUser" time="2.989"/>
  <testcase classname="api.testCases.UserTestDD" name="testCreateAndGetUser" time="2.953"/>
  <testcase classname="api.testCases.UserTestDD" name="testCreateAndGetUser" time="3.291"/>
  <testcase classname="api.testCases.UserTestDD" name="testCreateAndGetUser" time="3.27"/>
  <testcase classname="api.testCases.UserTestDD" name="testGetUserData" time="1.801"/>
  <testcase classname="api.testCases.UserTestDD" name="testGetUserData" time="1.598"/>
  <testcase classname="api.testCases.UserTestDD" name="testGetUserData" time="1.923"/>
  <testcase classname="api.testCases.UserTestDD" name="testGetUserData" time="1.881"/>
  <testcase classname="api.testCases.UserTestDD" name="testDeleteUser" time="1.494"/>
  <testcase classname="api.testCases.UserTestDD" name="testDeleteUser" time="1.904"/>
  <testcase classname="api.testCases.UserTestDD" name="testDeleteUser" time="1.583"/>
  <testcase classname="api.testCases.UserTestDD" name="testDeleteUser" time="1.591"/>
</testsuite> <!-- PetStore API Tests -->
