<?xml version="1.0" encoding="UTF-8"?>
<testsuite xmlns:xsi="http://www.w3.org/2001/XMLSchema-instance" xsi:noNamespaceSchemaLocation="https://maven.apache.org/surefire/maven-surefire-plugin/xsd/surefire-test-report-3.0.xsd" version="3.0" name="TestSuite" time="32.847" tests="4" errors="0" skipped="0" failures="0">
  <properties>
[...]
</properties>
  <testcase name="testCreateAndGetUser" classname="api.testCases.UserTest" time="13.248">
    <system-out><![CDATA[User creation data
HTTP/1.1 200 OK
Date: Thu, 26 Dec 2024 09:35:43 GMT
Content-Type: application/json
Transfer-Encoding: chunked
Connection: keep-alive
Access-Control-Allow-Origin: *
Access-Control-Allow-Methods: GET, POST, DELETE, PUT
Access-Control-Allow-Headers: Content-Type, api_key, Authorization
Server: Jetty(9.2.9.v20150224)

{
    "code": 200,
    "type": "unknown",
    "message": "541698497"
}
[INFO ] 2024-12-26 15:05:43.087 [main] PetStore_RestAssuredFramework - Create User executed
Read user validated data
HTTP/1.1 200 OK
Date: Thu, 26 Dec 2024 09:35:45 GMT
Content-Type: application/json
Transfer-Encoding: chunked
Connection: keep-alive
Access-Control-Allow-Origin: *
Access-Control-Allow-Methods: GET, POST, DELETE, PUT
Access-Control-Allow-Headers: Content-Type, api_key, Authorization
Server: Jetty(9.2.9.v20150224)

{
    "id": 541698497,
    "username": "dennis.wintheiser",
    "firstName": "Leigh",
    "lastName": "Abernathy",
    "email": "denny.stiedemann@example.com",
    "password": "fz4021qcg",
    "phone": "(407) 838-0726",
    "userStatus": 0
}
[INFO ] 2024-12-26 15:05:44.635 [main] PetStore_RestAssuredFramework - Reading the created user data
]]></system-out>
    <system-err><![CDATA[SLF4J: Failed to load class "org.slf4j.impl.StaticLoggerBinder".
SLF4J: Defaulting to no-operation (NOP) logger implementation
SLF4J: See http://www.slf4j.org/codes.html#StaticLoggerBinder for further details.
]]></system-err>
  </testcase>
  <testcase name="testGetUserData" classname="api.testCases.UserTest" time="1.953">
    <system-out><![CDATA[Read user data
HTTP/1.1 200 OK
Date: Thu, 26 Dec 2024 09:35:48 GMT
Content-Type: application/json
Transfer-Encoding: chunked
Connection: keep-alive
Access-Control-Allow-Origin: *
Access-Control-Allow-Methods: GET, POST, DELETE, PUT
Access-Control-Allow-Headers: Content-Type, api_key, Authorization
Server: Jetty(9.2.9.v20150224)

{
    "id": 541698497,
    "username": "dennis.wintheiser",
    "firstName": "Leigh",
    "lastName": "Abernathy",
    "email": "denny.stiedemann@example.com",
    "password": "fz4021qcg",
    "phone": "(407) 838-0726",
    "userStatus": 0
}
[INFO ] 2024-12-26 15:05:48.613 [main] PetStore_RestAssuredFramework - Get User data executed
]]></system-out>
  </testcase>
  <testcase name="testUpdateUser" classname="api.testCases.UserTest" time="3.657">
    <system-out><![CDATA[update user data
HTTP/1.1 200 OK
Date: Thu, 26 Dec 2024 09:35:51 GMT
Content-Type: application/json
Transfer-Encoding: chunked
Connection: keep-alive
Access-Control-Allow-Origin: *
Access-Control-Allow-Methods: GET, POST, DELETE, PUT
Access-Control-Allow-Headers: Content-Type, api_key, Authorization
Server: Jetty(9.2.9.v20150224)

{
    "code": 200,
    "type": "unknown",
    "message": "541698497"
}
Read user data after update 
HTTP/1.1 200 OK
Date: Thu, 26 Dec 2024 09:35:52 GMT
Content-Type: application/json
Transfer-Encoding: chunked
Connection: keep-alive
Access-Control-Allow-Origin: *
Access-Control-Allow-Methods: GET, POST, DELETE, PUT
Access-Control-Allow-Headers: Content-Type, api_key, Authorization
Server: Jetty(9.2.9.v20150224)

{
    "id": 541698497,
    "username": "dennis.wintheiser",
    "firstName": "Grover",
    "lastName": "Abernathy",
    "email": "denny.stiedemann@example.com",
    "password": "fz4021qcg",
    "phone": "(407) 838-0726",
    "userStatus": 0
}
[INFO ] 2024-12-26 15:05:52.278 [main] PetStore_RestAssuredFramework - Update user executed
]]></system-out>
  </testcase>
  <testcase name="testDeleteUser" classname="api.testCases.UserTest" time="3.459">
    <system-out><![CDATA[delete user data
HTTP/1.1 200 OK
Date: Thu, 26 Dec 2024 09:35:54 GMT
Content-Type: application/json
Transfer-Encoding: chunked
Connection: keep-alive
Access-Control-Allow-Origin: *
Access-Control-Allow-Methods: GET, POST, DELETE, PUT
Access-Control-Allow-Headers: Content-Type, api_key, Authorization
Server: Jetty(9.2.9.v20150224)

{
    "code": 200,
    "type": "unknown",
    "message": "dennis.wintheiser"
}
[INFO ] 2024-12-26 15:05:55.737 [main] PetStore_RestAssuredFramework - Delete user executed
]]></system-out>
  </testcase>
</testsuite>