<?xml version="1.0" encoding="UTF-8"?>
<testng-results ignored="0" total="4" passed="4" failed="0" skipped="0">
  <reporter-output>
  </reporter-output>
  <suite started-at="2024-12-26T15:05:29 IST" name="REST API Test Suite" finished-at="2024-12-26T15:05:57 IST" duration-ms="27488">
    <groups>
    </groups>
    <test started-at="2024-12-26T15:05:29 IST" name="PetStore API Tests" finished-at="2024-12-26T15:05:57 IST" duration-ms="27488">
      <class name="api.testCases.UserTest">
        <test-method is-config="true" signature="generateTestData()[pri:0, instance:api.testCases.UserTest@79e2c065]" started-at="2024-12-26T15:05:31 IST" name="generateTestData" finished-at="2024-12-26T15:05:33 IST" duration-ms="2315" status="PASS">
          <reporter-output>
          </reporter-output>
        </test-method> <!-- generateTestData -->
        <test-method signature="testCreateAndGetUser()[pri:1, instance:api.testCases.UserTest@79e2c065]" started-at="2024-12-26T15:05:33 IST" name="testCreateAndGetUser" finished-at="2024-12-26T15:05:46 IST" duration-ms="13235" status="PASS">
          <reporter-output>
          </reporter-output>
        </test-method> <!-- testCreateAndGetUser -->
        <test-method signature="testGetUserData()[pri:2, instance:api.testCases.UserTest@79e2c065]" started-at="2024-12-26T15:05:46 IST" name="testGetUserData" finished-at="2024-12-26T15:05:48 IST" depends-on-methods="api.testCases.UserTest.testCreateAndGetUser" duration-ms="1948" status="PASS">
          <reporter-output>
          </reporter-output>
        </test-method> <!-- testGetUserData -->
        <test-method signature="testUpdateUser()[pri:3, instance:api.testCases.UserTest@79e2c065]" started-at="2024-12-26T15:05:48 IST" name="testUpdateUser" finished-at="2024-12-26T15:05:52 IST" depends-on-methods="api.testCases.UserTest.testCreateAndGetUser" duration-ms="3653" status="PASS">
          <reporter-output>
          </reporter-output>
        </test-method> <!-- testUpdateUser -->
        <test-method signature="testDeleteUser()[pri:4, instance:api.testCases.UserTest@79e2c065]" started-at="2024-12-26T15:05:52 IST" name="testDeleteUser" finished-at="2024-12-26T15:05:55 IST" depends-on-methods="api.testCases.UserTest.testCreateAndGetUser" duration-ms="3453" status="PASS">
          <reporter-output>
          </reporter-output>
        </test-method> <!-- testDeleteUser -->
        <test-method is-config="true" signature="cleanUp()[pri:0, instance:api.testCases.UserTest@79e2c065]" started-at="2024-12-26T15:05:55 IST" name="cleanUp" finished-at="2024-12-26T15:05:57 IST" duration-ms="1594" status="PASS">
          <reporter-output>
          </reporter-output>
        </test-method> <!-- cleanUp -->
      </class> <!-- api.testCases.UserTest -->
    </test> <!-- PetStore API Tests -->
  </suite> <!-- REST API Test Suite -->
</testng-results>
