<?xml version="1.0" encoding="UTF-8"?>
<testng-results ignored="0" total="4" passed="4" failed="0" skipped="0">
  <reporter-output>
  </reporter-output>
  <suite started-at="2024-12-26T14:25:20 IST" name="Default suite" finished-at="2024-12-26T14:25:47 IST" duration-ms="27203">
    <groups>
    </groups>
    <test started-at="2024-12-26T14:25:20 IST" name="Default test" finished-at="2024-12-26T14:25:47 IST" duration-ms="27203">
      <class name="api.testCases.UserTest">
        <test-method is-config="true" signature="generateTestData()[pri:0, instance:api.testCases.UserTest@185a6e9]" started-at="2024-12-26T14:25:20 IST" name="generateTestData" finished-at="2024-12-26T14:25:24 IST" duration-ms="3500" status="PASS">
          <reporter-output>
          </reporter-output>
        </test-method> <!-- generateTestData -->
        <test-method signature="testCreateAndGetUser()[pri:1, instance:api.testCases.UserTest@185a6e9]" started-at="2024-12-26T14:25:24 IST" name="testCreateAndGetUser" finished-at="2024-12-26T14:25:38 IST" duration-ms="13936" status="PASS">
          <reporter-output>
          </reporter-output>
        </test-method> <!-- testCreateAndGetUser -->
        <test-method signature="testGetUserData()[pri:2, instance:api.testCases.UserTest@185a6e9]" started-at="2024-12-26T14:25:38 IST" name="testGetUserData" finished-at="2024-12-26T14:25:40 IST" depends-on-methods="api.testCases.UserTest.testCreateAndGetUser" duration-ms="2148" status="PASS">
          <reporter-output>
          </reporter-output>
        </test-method> <!-- testGetUserData -->
        <test-method signature="testUpdateUser()[pri:3, instance:api.testCases.UserTest@185a6e9]" started-at="2024-12-26T14:25:40 IST" name="testUpdateUser" finished-at="2024-12-26T14:25:43 IST" depends-on-methods="api.testCases.UserTest.testCreateAndGetUser" duration-ms="3051" status="PASS">
          <reporter-output>
          </reporter-output>
        </test-method> <!-- testUpdateUser -->
        <test-method signature="testDeleteUser()[pri:4, instance:api.testCases.UserTest@185a6e9]" started-at="2024-12-26T14:25:43 IST" name="testDeleteUser" finished-at="2024-12-26T14:25:46 IST" depends-on-methods="api.testCases.UserTest.testCreateAndGetUser" duration-ms="2953" status="PASS">
          <reporter-output>
          </reporter-output>
        </test-method> <!-- testDeleteUser -->
        <test-method is-config="true" signature="cleanUp()[pri:0, instance:api.testCases.UserTest@185a6e9]" started-at="2024-12-26T14:25:46 IST" name="cleanUp" finished-at="2024-12-26T14:25:47 IST" duration-ms="1380" status="PASS">
          <reporter-output>
          </reporter-output>
        </test-method> <!-- cleanUp -->
      </class> <!-- api.testCases.UserTest -->
    </test> <!-- Default test -->
  </suite> <!-- Default suite -->
</testng-results>
